# Logfile created on Sun Oct 19 20:52:20 -0200 2008 by /
/usr/bin/env git --git-dir='/home/rafael/projects/br-labs/pages/.git' log --pretty='raw' 'Welcome'
commit e7ed53d47000ab145fc693a8ee90eacfa5cbd96f
tree 50ce42557bf2ad3a5598f97889b1b6df5036a8e7
author Rafael Souza <rafael.ssouza@gmail.com> 1224456740 -0200
committer Rafael Souza <rafael.ssouza@gmail.com> 1224456740 -0200

    added default files


/usr/bin/env git --git-dir='/home/rafael/projects/br-labs/pages/.git' log --pretty='raw' 'Welcome'
commit e7ed53d47000ab145fc693a8ee90eacfa5cbd96f
tree 50ce42557bf2ad3a5598f97889b1b6df5036a8e7
author Rafael Souza <rafael.ssouza@gmail.com> 1224456740 -0200
committer Rafael Souza <rafael.ssouza@gmail.com> 1224456740 -0200

    added default files


/usr/bin/env git --git-dir='/home/rafael/projects/br-labs/pages/.git' add 'Welcome'


/usr/bin/env git --git-dir='/home/rafael/projects/br-labs/pages/.git' commit --author='1' '-m' 'Page Welcome updated'

fatal: malformed --author parameter

/usr/bin/env git --git-dir='/home/rafael/projects/br-labs/pages/.git' log --pretty='raw' 'Welcome'
commit e7ed53d47000ab145fc693a8ee90eacfa5cbd96f
tree 50ce42557bf2ad3a5598f97889b1b6df5036a8e7
author Rafael Souza <rafael.ssouza@gmail.com> 1224456740 -0200
committer Rafael Souza <rafael.ssouza@gmail.com> 1224456740 -0200

    added default files


/usr/bin/env git --git-dir='/home/rafael/projects/br-labs/pages/.git' log --pretty='raw' 'Welcome'
commit e7ed53d47000ab145fc693a8ee90eacfa5cbd96f
tree 50ce42557bf2ad3a5598f97889b1b6df5036a8e7
author Rafael Souza <rafael.ssouza@gmail.com> 1224456740 -0200
committer Rafael Souza <rafael.ssouza@gmail.com> 1224456740 -0200

    added default files


/usr/bin/env git --git-dir='/home/rafael/projects/br-labs/pages/.git' log --pretty='raw' 'Welcome'
commit 1cf27a34fced0776d29d351a16c25e5ed877f03c
tree 50ce42557bf2ad3a5598f97889b1b6df5036a8e7
author Rafael Souza <rafael.ssouza@gmail.com> 1224457427 -0200
committer Rafael Souza <rafael.ssouza@gmail.com> 1224457427 -0200

    added default files


/usr/bin/env git --git-dir='/home/rafael/projects/br-labs/pages/.git' log --pretty='raw' 'Welcome'
commit 1cf27a34fced0776d29d351a16c25e5ed877f03c
tree 50ce42557bf2ad3a5598f97889b1b6df5036a8e7
author Rafael Souza <rafael.ssouza@gmail.com> 1224457427 -0200
committer Rafael Souza <rafael.ssouza@gmail.com> 1224457427 -0200

    added default files


/usr/bin/env git --git-dir='/home/rafael/projects/br-labs/pages/.git' add 'Welcome'


/usr/bin/env git --git-dir='/home/rafael/projects/br-labs/pages/.git' commit --author='1 <rafael.ssouza@gmail.com>' '-m' 'Page Welcome updated'
Created commit 1cf289c: Page Welcome updated
 1 files changed, 5 insertions(+), 1 deletions(-)


/usr/bin/env git --git-dir='/home/rafael/projects/br-labs/pages/.git' log --pretty='raw' 'Welcome'
commit 1cf289cb1dfc4d105b3d84056569e77358d3b422
tree 9fc2eb32e610a676fc4dfcaff5818ebfa5d9770d
parent 1cf27a34fced0776d29d351a16c25e5ed877f03c
author 1 <rafael.ssouza@gmail.com> 1224457449 -0200
committer Rafael Souza <rafael.ssouza@gmail.com> 1224457449 -0200

    Page Welcome updated

commit 1cf27a34fced0776d29d351a16c25e5ed877f03c
tree 50ce42557bf2ad3a5598f97889b1b6df5036a8e7
author Rafael Souza <rafael.ssouza@gmail.com> 1224457427 -0200
committer Rafael Souza <rafael.ssouza@gmail.com> 1224457427 -0200

    added default files


/usr/bin/env git --git-dir='/home/rafael/projects/br-labs/pages/.git' log --pretty='raw' 'Welcome'
commit 1cf289cb1dfc4d105b3d84056569e77358d3b422
tree 9fc2eb32e610a676fc4dfcaff5818ebfa5d9770d
parent 1cf27a34fced0776d29d351a16c25e5ed877f03c
author 1 <rafael.ssouza@gmail.com> 1224457449 -0200
committer Rafael Souza <rafael.ssouza@gmail.com> 1224457449 -0200

    Page Welcome updated

commit 1cf27a34fced0776d29d351a16c25e5ed877f03c
tree 50ce42557bf2ad3a5598f97889b1b6df5036a8e7
author Rafael Souza <rafael.ssouza@gmail.com> 1224457427 -0200
committer Rafael Souza <rafael.ssouza@gmail.com> 1224457427 -0200

    added default files


/usr/bin/env git --git-dir='/home/rafael/projects/br-labs/pages/.git' log --pretty='raw' 'Welcome'
commit 1cf289cb1dfc4d105b3d84056569e77358d3b422
tree 9fc2eb32e610a676fc4dfcaff5818ebfa5d9770d
parent 1cf27a34fced0776d29d351a16c25e5ed877f03c
author 1 <rafael.ssouza@gmail.com> 1224457449 -0200
committer Rafael Souza <rafael.ssouza@gmail.com> 1224457449 -0200

    Page Welcome updated

commit 1cf27a34fced0776d29d351a16c25e5ed877f03c
tree 50ce42557bf2ad3a5598f97889b1b6df5036a8e7
author Rafael Souza <rafael.ssouza@gmail.com> 1224457427 -0200
committer Rafael Souza <rafael.ssouza@gmail.com> 1224457427 -0200

    added default files


/usr/bin/env git --git-dir='/home/rafael/projects/br-labs/pages/.git' add 'Welcome'


/usr/bin/env git --git-dir='/home/rafael/projects/br-labs/pages/.git' commit --author='1 <rafael.ssouza@gmail.com>' '-m' 'Page Welcome updated'
Created commit 52be702: Page Welcome updated
 1 files changed, 7 insertions(+), 4 deletions(-)


/usr/bin/env git --git-dir='/home/rafael/projects/br-labs/pages/.git' log --pretty='raw' 'Welcome'
commit 52be7022af2c922249a9450aaabf8c33829a81fe
tree 7bd0b6b18799ed13964e7d712707ba30e67b3a5f
parent 1cf289cb1dfc4d105b3d84056569e77358d3b422
author 1 <rafael.ssouza@gmail.com> 1224457827 -0200
committer Rafael Souza <rafael.ssouza@gmail.com> 1224457827 -0200

    Page Welcome updated

commit 1cf289cb1dfc4d105b3d84056569e77358d3b422
tree 9fc2eb32e610a676fc4dfcaff5818ebfa5d9770d
parent 1cf27a34fced0776d29d351a16c25e5ed877f03c
author 1 <rafael.ssouza@gmail.com> 1224457449 -0200
committer Rafael Souza <rafael.ssouza@gmail.com> 1224457449 -0200

    Page Welcome updated

commit 1cf27a34fced0776d29d351a16c25e5ed877f03c
tree 50ce42557bf2ad3a5598f97889b1b6df5036a8e7
author Rafael Souza <rafael.ssouza@gmail.com> 1224457427 -0200
committer Rafael Souza <rafael.ssouza@gmail.com> 1224457427 -0200

    added default files


/usr/bin/env git --git-dir='/home/rafael/projects/br-labs/pages/.git' log --pretty='raw' 'Welcome'
commit 52be7022af2c922249a9450aaabf8c33829a81fe
tree 7bd0b6b18799ed13964e7d712707ba30e67b3a5f
parent 1cf289cb1dfc4d105b3d84056569e77358d3b422
author 1 <rafael.ssouza@gmail.com> 1224457827 -0200
committer Rafael Souza <rafael.ssouza@gmail.com> 1224457827 -0200

    Page Welcome updated

commit 1cf289cb1dfc4d105b3d84056569e77358d3b422
tree 9fc2eb32e610a676fc4dfcaff5818ebfa5d9770d
parent 1cf27a34fced0776d29d351a16c25e5ed877f03c
author 1 <rafael.ssouza@gmail.com> 1224457449 -0200
committer Rafael Souza <rafael.ssouza@gmail.com> 1224457449 -0200

    Page Welcome updated

commit 1cf27a34fced0776d29d351a16c25e5ed877f03c
tree 50ce42557bf2ad3a5598f97889b1b6df5036a8e7
author Rafael Souza <rafael.ssouza@gmail.com> 1224457427 -0200
committer Rafael Souza <rafael.ssouza@gmail.com> 1224457427 -0200

    added default files


/usr/bin/env git --git-dir='/home/rafael/projects/br-labs/pages/.git' log --pretty='raw' 'Welcome'
commit 52be7022af2c922249a9450aaabf8c33829a81fe
tree 7bd0b6b18799ed13964e7d712707ba30e67b3a5f
parent 1cf289cb1dfc4d105b3d84056569e77358d3b422
author 1 <rafael.ssouza@gmail.com> 1224457827 -0200
committer Rafael Souza <rafael.ssouza@gmail.com> 1224457827 -0200

    Page Welcome updated

commit 1cf289cb1dfc4d105b3d84056569e77358d3b422
tree 9fc2eb32e610a676fc4dfcaff5818ebfa5d9770d
parent 1cf27a34fced0776d29d351a16c25e5ed877f03c
author 1 <rafael.ssouza@gmail.com> 1224457449 -0200
committer Rafael Souza <rafael.ssouza@gmail.com> 1224457449 -0200

    Page Welcome updated

commit 1cf27a34fced0776d29d351a16c25e5ed877f03c
tree 50ce42557bf2ad3a5598f97889b1b6df5036a8e7
author Rafael Souza <rafael.ssouza@gmail.com> 1224457427 -0200
committer Rafael Souza <rafael.ssouza@gmail.com> 1224457427 -0200

    added default files


/usr/bin/env git --git-dir='/home/rafael/projects/br-labs/pages/.git' add 'Welcome'


/usr/bin/env git --git-dir='/home/rafael/projects/br-labs/pages/.git' commit --author='1' '-m' 'Page Welcome updated'

fatal: malformed --author parameter

/usr/bin/env git --git-dir='/home/rafael/projects/br-labs/pages/.git' log --pretty='raw' 'Welcome'
commit 52be7022af2c922249a9450aaabf8c33829a81fe
tree 7bd0b6b18799ed13964e7d712707ba30e67b3a5f
parent 1cf289cb1dfc4d105b3d84056569e77358d3b422
author 1 <rafael.ssouza@gmail.com> 1224457827 -0200
committer Rafael Souza <rafael.ssouza@gmail.com> 1224457827 -0200

    Page Welcome updated

commit 1cf289cb1dfc4d105b3d84056569e77358d3b422
tree 9fc2eb32e610a676fc4dfcaff5818ebfa5d9770d
parent 1cf27a34fced0776d29d351a16c25e5ed877f03c
author 1 <rafael.ssouza@gmail.com> 1224457449 -0200
committer Rafael Souza <rafael.ssouza@gmail.com> 1224457449 -0200

    Page Welcome updated

commit 1cf27a34fced0776d29d351a16c25e5ed877f03c
tree 50ce42557bf2ad3a5598f97889b1b6df5036a8e7
author Rafael Souza <rafael.ssouza@gmail.com> 1224457427 -0200
committer Rafael Souza <rafael.ssouza@gmail.com> 1224457427 -0200

    added default files


/usr/bin/env git --git-dir='/home/rafael/projects/br-labs/pages/.git' log --pretty='raw' 'Welcome'
commit 1d003ff58587da55f427b2c68bf24c1d04b71ddb
tree 50ce42557bf2ad3a5598f97889b1b6df5036a8e7
author Rafael Souza <rafael.ssouza@gmail.com> 1224458246 -0200
committer Rafael Souza <rafael.ssouza@gmail.com> 1224458246 -0200

    added default files


/usr/bin/env git --git-dir='/home/rafael/projects/br-labs/pages/.git' log --pretty='raw' 'Welcome'
commit 1d003ff58587da55f427b2c68bf24c1d04b71ddb
tree 50ce42557bf2ad3a5598f97889b1b6df5036a8e7
author Rafael Souza <rafael.ssouza@gmail.com> 1224458246 -0200
committer Rafael Souza <rafael.ssouza@gmail.com> 1224458246 -0200

    added default files


/usr/bin/env git --git-dir='/home/rafael/projects/br-labs/pages/.git' log --pretty='raw' 'Welcome'
commit 1d003ff58587da55f427b2c68bf24c1d04b71ddb
tree 50ce42557bf2ad3a5598f97889b1b6df5036a8e7
author Rafael Souza <rafael.ssouza@gmail.com> 1224458246 -0200
committer Rafael Souza <rafael.ssouza@gmail.com> 1224458246 -0200

    added default files


/usr/bin/env git --git-dir='/home/rafael/projects/br-labs/pages/.git' add 'Welcome'


/usr/bin/env git --git-dir='/home/rafael/projects/br-labs/pages/.git' commit --author='1' '-m' 'Page Welcome updated'

fatal: malformed --author parameter

/usr/bin/env git --git-dir='/home/rafael/projects/br-labs/pages/.git' log --pretty='raw' 'Welcome'
commit 1d003ff58587da55f427b2c68bf24c1d04b71ddb
tree 50ce42557bf2ad3a5598f97889b1b6df5036a8e7
author Rafael Souza <rafael.ssouza@gmail.com> 1224458246 -0200
committer Rafael Souza <rafael.ssouza@gmail.com> 1224458246 -0200

    added default files


/usr/bin/env git --git-dir='/home/rafael/projects/br-labs/pages/.git' log --pretty='raw' 'Welcome'
commit 1d003ff58587da55f427b2c68bf24c1d04b71ddb
tree 50ce42557bf2ad3a5598f97889b1b6df5036a8e7
author Rafael Souza <rafael.ssouza@gmail.com> 1224458246 -0200
committer Rafael Souza <rafael.ssouza@gmail.com> 1224458246 -0200

    added default files


/usr/bin/env git --git-dir='/home/rafael/projects/br-labs/pages/.git' add 'Welcome'


/usr/bin/env git --git-dir='/home/rafael/projects/br-labs/pages/.git' commit --author='1 <rafael.ssouza@gmail.com>' '-m' 'Page Welcome updated'
Created commit 78f9704: Page Welcome updated
 1 files changed, 3 insertions(+), 1 deletions(-)


/usr/bin/env git --git-dir='/home/rafael/projects/br-labs/pages/.git' log --pretty='raw' 'Welcome'
commit 78f97043b0f0212c6ed4fd8c8aae8d996f4e7912
tree 158e2f134b0cf5823431b385bcce1649c7c0a477
parent 1d003ff58587da55f427b2c68bf24c1d04b71ddb
author 1 <rafael.ssouza@gmail.com> 1224458323 -0200
committer Rafael Souza <rafael.ssouza@gmail.com> 1224458323 -0200

    Page Welcome updated

commit 1d003ff58587da55f427b2c68bf24c1d04b71ddb
tree 50ce42557bf2ad3a5598f97889b1b6df5036a8e7
author Rafael Souza <rafael.ssouza@gmail.com> 1224458246 -0200
committer Rafael Souza <rafael.ssouza@gmail.com> 1224458246 -0200

    added default files


/usr/bin/env git --git-dir='/home/rafael/projects/br-labs/pages/.git' log --pretty='raw' 'Welcome'
commit 78f97043b0f0212c6ed4fd8c8aae8d996f4e7912
tree 158e2f134b0cf5823431b385bcce1649c7c0a477
parent 1d003ff58587da55f427b2c68bf24c1d04b71ddb
author 1 <rafael.ssouza@gmail.com> 1224458323 -0200
committer Rafael Souza <rafael.ssouza@gmail.com> 1224458323 -0200

    Page Welcome updated

commit 1d003ff58587da55f427b2c68bf24c1d04b71ddb
tree 50ce42557bf2ad3a5598f97889b1b6df5036a8e7
author Rafael Souza <rafael.ssouza@gmail.com> 1224458246 -0200
committer Rafael Souza <rafael.ssouza@gmail.com> 1224458246 -0200

    added default files


/usr/bin/env git --git-dir='/home/rafael/projects/br-labs/pages/.git' log --pretty='raw' 'Welcome'
commit 78f97043b0f0212c6ed4fd8c8aae8d996f4e7912
tree 158e2f134b0cf5823431b385bcce1649c7c0a477
parent 1d003ff58587da55f427b2c68bf24c1d04b71ddb
author 1 <rafael.ssouza@gmail.com> 1224458323 -0200
committer Rafael Souza <rafael.ssouza@gmail.com> 1224458323 -0200

    Page Welcome updated

commit 1d003ff58587da55f427b2c68bf24c1d04b71ddb
tree 50ce42557bf2ad3a5598f97889b1b6df5036a8e7
author Rafael Souza <rafael.ssouza@gmail.com> 1224458246 -0200
committer Rafael Souza <rafael.ssouza@gmail.com> 1224458246 -0200

    added default files


/usr/bin/env git --git-dir='/home/rafael/projects/br-labs/pages/.git' log --pretty='raw' 'Welcome'
commit 78f97043b0f0212c6ed4fd8c8aae8d996f4e7912
tree 158e2f134b0cf5823431b385bcce1649c7c0a477
parent 1d003ff58587da55f427b2c68bf24c1d04b71ddb
author 1 <rafael.ssouza@gmail.com> 1224458323 -0200
committer Rafael Souza <rafael.ssouza@gmail.com> 1224458323 -0200

    Page Welcome updated

commit 1d003ff58587da55f427b2c68bf24c1d04b71ddb
tree 50ce42557bf2ad3a5598f97889b1b6df5036a8e7
author Rafael Souza <rafael.ssouza@gmail.com> 1224458246 -0200
committer Rafael Souza <rafael.ssouza@gmail.com> 1224458246 -0200

    added default files


/usr/bin/env git --git-dir='/home/rafael/projects/br-labs/pages/.git' add 'Welcome'


/usr/bin/env git --git-dir='/home/rafael/projects/br-labs/pages/.git' commit --author='1 <rafael.ssouza@gmail.com>' '-m' 'Page Welcome updated'
Created commit 251fd1f: Page Welcome updated
 1 files changed, 5 insertions(+), 1 deletions(-)


/usr/bin/env git --git-dir='/home/rafael/projects/br-labs/pages/.git' log --pretty='raw' 'Welcome'
commit 251fd1feea4ab4530c2ec32e3d4dd5c95cc4ac8f
tree 2b231e8d28ca926dedbf4a11903eab966d3e63d8
parent 78f97043b0f0212c6ed4fd8c8aae8d996f4e7912
author 1 <rafael.ssouza@gmail.com> 1224459003 -0200
committer Rafael Souza <rafael.ssouza@gmail.com> 1224459003 -0200

    Page Welcome updated

commit 78f97043b0f0212c6ed4fd8c8aae8d996f4e7912
tree 158e2f134b0cf5823431b385bcce1649c7c0a477
parent 1d003ff58587da55f427b2c68bf24c1d04b71ddb
author 1 <rafael.ssouza@gmail.com> 1224458323 -0200
committer Rafael Souza <rafael.ssouza@gmail.com> 1224458323 -0200

    Page Welcome updated

commit 1d003ff58587da55f427b2c68bf24c1d04b71ddb
tree 50ce42557bf2ad3a5598f97889b1b6df5036a8e7
author Rafael Souza <rafael.ssouza@gmail.com> 1224458246 -0200
committer Rafael Souza <rafael.ssouza@gmail.com> 1224458246 -0200

    added default files


/usr/bin/env git --git-dir='/home/rafael/projects/br-labs/pages/.git' log --pretty='raw' 'Welcome'
commit 251fd1feea4ab4530c2ec32e3d4dd5c95cc4ac8f
tree 2b231e8d28ca926dedbf4a11903eab966d3e63d8
parent 78f97043b0f0212c6ed4fd8c8aae8d996f4e7912
author 1 <rafael.ssouza@gmail.com> 1224459003 -0200
committer Rafael Souza <rafael.ssouza@gmail.com> 1224459003 -0200

    Page Welcome updated

commit 78f97043b0f0212c6ed4fd8c8aae8d996f4e7912
tree 158e2f134b0cf5823431b385bcce1649c7c0a477
parent 1d003ff58587da55f427b2c68bf24c1d04b71ddb
author 1 <rafael.ssouza@gmail.com> 1224458323 -0200
committer Rafael Souza <rafael.ssouza@gmail.com> 1224458323 -0200

    Page Welcome updated

commit 1d003ff58587da55f427b2c68bf24c1d04b71ddb
tree 50ce42557bf2ad3a5598f97889b1b6df5036a8e7
author Rafael Souza <rafael.ssouza@gmail.com> 1224458246 -0200
committer Rafael Souza <rafael.ssouza@gmail.com> 1224458246 -0200

    added default files


/usr/bin/env git --git-dir='/home/rafael/projects/br-labs/pages/.git' log --pretty='raw' 'Welcome'
commit 251fd1feea4ab4530c2ec32e3d4dd5c95cc4ac8f
tree 2b231e8d28ca926dedbf4a11903eab966d3e63d8
parent 78f97043b0f0212c6ed4fd8c8aae8d996f4e7912
author 1 <rafael.ssouza@gmail.com> 1224459003 -0200
committer Rafael Souza <rafael.ssouza@gmail.com> 1224459003 -0200

    Page Welcome updated

commit 78f97043b0f0212c6ed4fd8c8aae8d996f4e7912
tree 158e2f134b0cf5823431b385bcce1649c7c0a477
parent 1d003ff58587da55f427b2c68bf24c1d04b71ddb
author 1 <rafael.ssouza@gmail.com> 1224458323 -0200
committer Rafael Souza <rafael.ssouza@gmail.com> 1224458323 -0200

    Page Welcome updated

commit 1d003ff58587da55f427b2c68bf24c1d04b71ddb
tree 50ce42557bf2ad3a5598f97889b1b6df5036a8e7
author Rafael Souza <rafael.ssouza@gmail.com> 1224458246 -0200
committer Rafael Souza <rafael.ssouza@gmail.com> 1224458246 -0200

    added default files


/usr/bin/env git --git-dir='/home/rafael/projects/br-labs/pages/.git' log --pretty='raw' 'Welcome'
commit 251fd1feea4ab4530c2ec32e3d4dd5c95cc4ac8f
tree 2b231e8d28ca926dedbf4a11903eab966d3e63d8
parent 78f97043b0f0212c6ed4fd8c8aae8d996f4e7912
author 1 <rafael.ssouza@gmail.com> 1224459003 -0200
committer Rafael Souza <rafael.ssouza@gmail.com> 1224459003 -0200

    Page Welcome updated

commit 78f97043b0f0212c6ed4fd8c8aae8d996f4e7912
tree 158e2f134b0cf5823431b385bcce1649c7c0a477
parent 1d003ff58587da55f427b2c68bf24c1d04b71ddb
author 1 <rafael.ssouza@gmail.com> 1224458323 -0200
committer Rafael Souza <rafael.ssouza@gmail.com> 1224458323 -0200

    Page Welcome updated

commit 1d003ff58587da55f427b2c68bf24c1d04b71ddb
tree 50ce42557bf2ad3a5598f97889b1b6df5036a8e7
author Rafael Souza <rafael.ssouza@gmail.com> 1224458246 -0200
committer Rafael Souza <rafael.ssouza@gmail.com> 1224458246 -0200

    added default files


/usr/bin/env git --git-dir='/home/rafael/projects/br-labs/pages/.git' add 'Welcome'


/usr/bin/env git --git-dir='/home/rafael/projects/br-labs/pages/.git' commit --author='1 <rafael.ssouza@gmail.com>' '-m' 'Page Welcome updated'
Created commit efbb157: Page Welcome updated
 1 files changed, 1 insertions(+), 1 deletions(-)


/usr/bin/env git --git-dir='/home/rafael/projects/br-labs/pages/.git' log --pretty='raw' 'Welcome'
commit efbb157dd07320bc8fca4e0412c593440ec25f5d
tree 599af4f74fee6daf762641a52c75b2f8d70dc8a8
parent 251fd1feea4ab4530c2ec32e3d4dd5c95cc4ac8f
author 1 <rafael.ssouza@gmail.com> 1224459079 -0200
committer Rafael Souza <rafael.ssouza@gmail.com> 1224459079 -0200

    Page Welcome updated

commit 251fd1feea4ab4530c2ec32e3d4dd5c95cc4ac8f
tree 2b231e8d28ca926dedbf4a11903eab966d3e63d8
parent 78f97043b0f0212c6ed4fd8c8aae8d996f4e7912
author 1 <rafael.ssouza@gmail.com> 1224459003 -0200
committer Rafael Souza <rafael.ssouza@gmail.com> 1224459003 -0200

    Page Welcome updated

commit 78f97043b0f0212c6ed4fd8c8aae8d996f4e7912
tree 158e2f134b0cf5823431b385bcce1649c7c0a477
parent 1d003ff58587da55f427b2c68bf24c1d04b71ddb
author 1 <rafael.ssouza@gmail.com> 1224458323 -0200
committer Rafael Souza <rafael.ssouza@gmail.com> 1224458323 -0200

    Page Welcome updated

commit 1d003ff58587da55f427b2c68bf24c1d04b71ddb
tree 50ce42557bf2ad3a5598f97889b1b6df5036a8e7
author Rafael Souza <rafael.ssouza@gmail.com> 1224458246 -0200
committer Rafael Souza <rafael.ssouza@gmail.com> 1224458246 -0200

    added default files


/usr/bin/env git --git-dir='/home/rafael/projects/br-labs/pages/.git' log --pretty='raw' 'Welcome'
commit efbb157dd07320bc8fca4e0412c593440ec25f5d
tree 599af4f74fee6daf762641a52c75b2f8d70dc8a8
parent 251fd1feea4ab4530c2ec32e3d4dd5c95cc4ac8f
author 1 <rafael.ssouza@gmail.com> 1224459079 -0200
committer Rafael Souza <rafael.ssouza@gmail.com> 1224459079 -0200

    Page Welcome updated

commit 251fd1feea4ab4530c2ec32e3d4dd5c95cc4ac8f
tree 2b231e8d28ca926dedbf4a11903eab966d3e63d8
parent 78f97043b0f0212c6ed4fd8c8aae8d996f4e7912
author 1 <rafael.ssouza@gmail.com> 1224459003 -0200
committer Rafael Souza <rafael.ssouza@gmail.com> 1224459003 -0200

    Page Welcome updated

commit 78f97043b0f0212c6ed4fd8c8aae8d996f4e7912
tree 158e2f134b0cf5823431b385bcce1649c7c0a477
parent 1d003ff58587da55f427b2c68bf24c1d04b71ddb
author 1 <rafael.ssouza@gmail.com> 1224458323 -0200
committer Rafael Souza <rafael.ssouza@gmail.com> 1224458323 -0200

    Page Welcome updated

commit 1d003ff58587da55f427b2c68bf24c1d04b71ddb
tree 50ce42557bf2ad3a5598f97889b1b6df5036a8e7
author Rafael Souza <rafael.ssouza@gmail.com> 1224458246 -0200
committer Rafael Souza <rafael.ssouza@gmail.com> 1224458246 -0200

    added default files


/usr/bin/env git --git-dir='/home/rafael/projects/br-labs/pages/.git' log --pretty='raw' 'Welcome'
commit efbb157dd07320bc8fca4e0412c593440ec25f5d
tree 599af4f74fee6daf762641a52c75b2f8d70dc8a8
parent 251fd1feea4ab4530c2ec32e3d4dd5c95cc4ac8f
author 1 <rafael.ssouza@gmail.com> 1224459079 -0200
committer Rafael Souza <rafael.ssouza@gmail.com> 1224459079 -0200

    Page Welcome updated

commit 251fd1feea4ab4530c2ec32e3d4dd5c95cc4ac8f
tree 2b231e8d28ca926dedbf4a11903eab966d3e63d8
parent 78f97043b0f0212c6ed4fd8c8aae8d996f4e7912
author 1 <rafael.ssouza@gmail.com> 1224459003 -0200
committer Rafael Souza <rafael.ssouza@gmail.com> 1224459003 -0200

    Page Welcome updated

commit 78f97043b0f0212c6ed4fd8c8aae8d996f4e7912
tree 158e2f134b0cf5823431b385bcce1649c7c0a477
parent 1d003ff58587da55f427b2c68bf24c1d04b71ddb
author 1 <rafael.ssouza@gmail.com> 1224458323 -0200
committer Rafael Souza <rafael.ssouza@gmail.com> 1224458323 -0200

    Page Welcome updated

commit 1d003ff58587da55f427b2c68bf24c1d04b71ddb
tree 50ce42557bf2ad3a5598f97889b1b6df5036a8e7
author Rafael Souza <rafael.ssouza@gmail.com> 1224458246 -0200
committer Rafael Souza <rafael.ssouza@gmail.com> 1224458246 -0200

    added default files


/usr/bin/env git --git-dir='/home/rafael/projects/br-labs/pages/.git' log --pretty='raw' 'Welcome'
commit efbb157dd07320bc8fca4e0412c593440ec25f5d
tree 599af4f74fee6daf762641a52c75b2f8d70dc8a8
parent 251fd1feea4ab4530c2ec32e3d4dd5c95cc4ac8f
author 1 <rafael.ssouza@gmail.com> 1224459079 -0200
committer Rafael Souza <rafael.ssouza@gmail.com> 1224459079 -0200

    Page Welcome updated

commit 251fd1feea4ab4530c2ec32e3d4dd5c95cc4ac8f
tree 2b231e8d28ca926dedbf4a11903eab966d3e63d8
parent 78f97043b0f0212c6ed4fd8c8aae8d996f4e7912
author 1 <rafael.ssouza@gmail.com> 1224459003 -0200
committer Rafael Souza <rafael.ssouza@gmail.com> 1224459003 -0200

    Page Welcome updated

commit 78f97043b0f0212c6ed4fd8c8aae8d996f4e7912
tree 158e2f134b0cf5823431b385bcce1649c7c0a477
parent 1d003ff58587da55f427b2c68bf24c1d04b71ddb
author 1 <rafael.ssouza@gmail.com> 1224458323 -0200
committer Rafael Souza <rafael.ssouza@gmail.com> 1224458323 -0200

    Page Welcome updated

commit 1d003ff58587da55f427b2c68bf24c1d04b71ddb
tree 50ce42557bf2ad3a5598f97889b1b6df5036a8e7
author Rafael Souza <rafael.ssouza@gmail.com> 1224458246 -0200
committer Rafael Souza <rafael.ssouza@gmail.com> 1224458246 -0200

    added default files


/usr/bin/env git --git-dir='/home/rafael/projects/br-labs/pages/.git' log --pretty='raw' 'Welcome'
commit efbb157dd07320bc8fca4e0412c593440ec25f5d
tree 599af4f74fee6daf762641a52c75b2f8d70dc8a8
parent 251fd1feea4ab4530c2ec32e3d4dd5c95cc4ac8f
author 1 <rafael.ssouza@gmail.com> 1224459079 -0200
committer Rafael Souza <rafael.ssouza@gmail.com> 1224459079 -0200

    Page Welcome updated

commit 251fd1feea4ab4530c2ec32e3d4dd5c95cc4ac8f
tree 2b231e8d28ca926dedbf4a11903eab966d3e63d8
parent 78f97043b0f0212c6ed4fd8c8aae8d996f4e7912
author 1 <rafael.ssouza@gmail.com> 1224459003 -0200
committer Rafael Souza <rafael.ssouza@gmail.com> 1224459003 -0200

    Page Welcome updated

commit 78f97043b0f0212c6ed4fd8c8aae8d996f4e7912
tree 158e2f134b0cf5823431b385bcce1649c7c0a477
parent 1d003ff58587da55f427b2c68bf24c1d04b71ddb
author 1 <rafael.ssouza@gmail.com> 1224458323 -0200
committer Rafael Souza <rafael.ssouza@gmail.com> 1224458323 -0200

    Page Welcome updated

commit 1d003ff58587da55f427b2c68bf24c1d04b71ddb
tree 50ce42557bf2ad3a5598f97889b1b6df5036a8e7
author Rafael Souza <rafael.ssouza@gmail.com> 1224458246 -0200
committer Rafael Souza <rafael.ssouza@gmail.com> 1224458246 -0200

    added default files


/usr/bin/env git --git-dir='/home/rafael/projects/br-labs/pages/.git' log --pretty='raw' 'Welcome'
commit efbb157dd07320bc8fca4e0412c593440ec25f5d
tree 599af4f74fee6daf762641a52c75b2f8d70dc8a8
parent 251fd1feea4ab4530c2ec32e3d4dd5c95cc4ac8f
author 1 <rafael.ssouza@gmail.com> 1224459079 -0200
committer Rafael Souza <rafael.ssouza@gmail.com> 1224459079 -0200

    Page Welcome updated

commit 251fd1feea4ab4530c2ec32e3d4dd5c95cc4ac8f
tree 2b231e8d28ca926dedbf4a11903eab966d3e63d8
parent 78f97043b0f0212c6ed4fd8c8aae8d996f4e7912
author 1 <rafael.ssouza@gmail.com> 1224459003 -0200
committer Rafael Souza <rafael.ssouza@gmail.com> 1224459003 -0200

    Page Welcome updated

commit 78f97043b0f0212c6ed4fd8c8aae8d996f4e7912
tree 158e2f134b0cf5823431b385bcce1649c7c0a477
parent 1d003ff58587da55f427b2c68bf24c1d04b71ddb
author 1 <rafael.ssouza@gmail.com> 1224458323 -0200
committer Rafael Souza <rafael.ssouza@gmail.com> 1224458323 -0200

    Page Welcome updated

commit 1d003ff58587da55f427b2c68bf24c1d04b71ddb
tree 50ce42557bf2ad3a5598f97889b1b6df5036a8e7
author Rafael Souza <rafael.ssouza@gmail.com> 1224458246 -0200
committer Rafael Souza <rafael.ssouza@gmail.com> 1224458246 -0200

    added default files


/usr/bin/env git --git-dir='/home/rafael/projects/br-labs/pages/.git' log --pretty='raw' 'Welcome'
commit efbb157dd07320bc8fca4e0412c593440ec25f5d
tree 599af4f74fee6daf762641a52c75b2f8d70dc8a8
parent 251fd1feea4ab4530c2ec32e3d4dd5c95cc4ac8f
author 1 <rafael.ssouza@gmail.com> 1224459079 -0200
committer Rafael Souza <rafael.ssouza@gmail.com> 1224459079 -0200

    Page Welcome updated

commit 251fd1feea4ab4530c2ec32e3d4dd5c95cc4ac8f
tree 2b231e8d28ca926dedbf4a11903eab966d3e63d8
parent 78f97043b0f0212c6ed4fd8c8aae8d996f4e7912
author 1 <rafael.ssouza@gmail.com> 1224459003 -0200
committer Rafael Souza <rafael.ssouza@gmail.com> 1224459003 -0200

    Page Welcome updated

commit 78f97043b0f0212c6ed4fd8c8aae8d996f4e7912
tree 158e2f134b0cf5823431b385bcce1649c7c0a477
parent 1d003ff58587da55f427b2c68bf24c1d04b71ddb
author 1 <rafael.ssouza@gmail.com> 1224458323 -0200
committer Rafael Souza <rafael.ssouza@gmail.com> 1224458323 -0200

    Page Welcome updated

commit 1d003ff58587da55f427b2c68bf24c1d04b71ddb
tree 50ce42557bf2ad3a5598f97889b1b6df5036a8e7
author Rafael Souza <rafael.ssouza@gmail.com> 1224458246 -0200
committer Rafael Souza <rafael.ssouza@gmail.com> 1224458246 -0200

    added default files


/usr/bin/env git --git-dir='/home/rafael/projects/br-labs/pages/.git' log --pretty='raw' 'Welcome'
commit efbb157dd07320bc8fca4e0412c593440ec25f5d
tree 599af4f74fee6daf762641a52c75b2f8d70dc8a8
parent 251fd1feea4ab4530c2ec32e3d4dd5c95cc4ac8f
author 1 <rafael.ssouza@gmail.com> 1224459079 -0200
committer Rafael Souza <rafael.ssouza@gmail.com> 1224459079 -0200

    Page Welcome updated

commit 251fd1feea4ab4530c2ec32e3d4dd5c95cc4ac8f
tree 2b231e8d28ca926dedbf4a11903eab966d3e63d8
parent 78f97043b0f0212c6ed4fd8c8aae8d996f4e7912
author 1 <rafael.ssouza@gmail.com> 1224459003 -0200
committer Rafael Souza <rafael.ssouza@gmail.com> 1224459003 -0200

    Page Welcome updated

commit 78f97043b0f0212c6ed4fd8c8aae8d996f4e7912
tree 158e2f134b0cf5823431b385bcce1649c7c0a477
parent 1d003ff58587da55f427b2c68bf24c1d04b71ddb
author 1 <rafael.ssouza@gmail.com> 1224458323 -0200
committer Rafael Souza <rafael.ssouza@gmail.com> 1224458323 -0200

    Page Welcome updated

commit 1d003ff58587da55f427b2c68bf24c1d04b71ddb
tree 50ce42557bf2ad3a5598f97889b1b6df5036a8e7
author Rafael Souza <rafael.ssouza@gmail.com> 1224458246 -0200
committer Rafael Souza <rafael.ssouza@gmail.com> 1224458246 -0200

    added default files


/usr/bin/env git --git-dir='/home/rafael/projects/br-labs/pages/.git' log --pretty='raw' 'Welcome'
commit efbb157dd07320bc8fca4e0412c593440ec25f5d
tree 599af4f74fee6daf762641a52c75b2f8d70dc8a8
parent 251fd1feea4ab4530c2ec32e3d4dd5c95cc4ac8f
author 1 <rafael.ssouza@gmail.com> 1224459079 -0200
committer Rafael Souza <rafael.ssouza@gmail.com> 1224459079 -0200

    Page Welcome updated

commit 251fd1feea4ab4530c2ec32e3d4dd5c95cc4ac8f
tree 2b231e8d28ca926dedbf4a11903eab966d3e63d8
parent 78f97043b0f0212c6ed4fd8c8aae8d996f4e7912
author 1 <rafael.ssouza@gmail.com> 1224459003 -0200
committer Rafael Souza <rafael.ssouza@gmail.com> 1224459003 -0200

    Page Welcome updated

commit 78f97043b0f0212c6ed4fd8c8aae8d996f4e7912
tree 158e2f134b0cf5823431b385bcce1649c7c0a477
parent 1d003ff58587da55f427b2c68bf24c1d04b71ddb
author 1 <rafael.ssouza@gmail.com> 1224458323 -0200
committer Rafael Souza <rafael.ssouza@gmail.com> 1224458323 -0200

    Page Welcome updated

commit 1d003ff58587da55f427b2c68bf24c1d04b71ddb
tree 50ce42557bf2ad3a5598f97889b1b6df5036a8e7
author Rafael Souza <rafael.ssouza@gmail.com> 1224458246 -0200
committer Rafael Souza <rafael.ssouza@gmail.com> 1224458246 -0200

    added default files


/usr/bin/env git --git-dir='/home/rafael/projects/br-labs/pages/.git' log --pretty='raw' 'Welcome'
commit efbb157dd07320bc8fca4e0412c593440ec25f5d
tree 599af4f74fee6daf762641a52c75b2f8d70dc8a8
parent 251fd1feea4ab4530c2ec32e3d4dd5c95cc4ac8f
author 1 <rafael.ssouza@gmail.com> 1224459079 -0200
committer Rafael Souza <rafael.ssouza@gmail.com> 1224459079 -0200

    Page Welcome updated

commit 251fd1feea4ab4530c2ec32e3d4dd5c95cc4ac8f
tree 2b231e8d28ca926dedbf4a11903eab966d3e63d8
parent 78f97043b0f0212c6ed4fd8c8aae8d996f4e7912
author 1 <rafael.ssouza@gmail.com> 1224459003 -0200
committer Rafael Souza <rafael.ssouza@gmail.com> 1224459003 -0200

    Page Welcome updated

commit 78f97043b0f0212c6ed4fd8c8aae8d996f4e7912
tree 158e2f134b0cf5823431b385bcce1649c7c0a477
parent 1d003ff58587da55f427b2c68bf24c1d04b71ddb
author 1 <rafael.ssouza@gmail.com> 1224458323 -0200
committer Rafael Souza <rafael.ssouza@gmail.com> 1224458323 -0200

    Page Welcome updated

commit 1d003ff58587da55f427b2c68bf24c1d04b71ddb
tree 50ce42557bf2ad3a5598f97889b1b6df5036a8e7
author Rafael Souza <rafael.ssouza@gmail.com> 1224458246 -0200
committer Rafael Souza <rafael.ssouza@gmail.com> 1224458246 -0200

    added default files


/usr/bin/env git --git-dir='/home/rafael/projects/br-labs/pages/.git' log --pretty='raw' 'Welcome'
commit efbb157dd07320bc8fca4e0412c593440ec25f5d
tree 599af4f74fee6daf762641a52c75b2f8d70dc8a8
parent 251fd1feea4ab4530c2ec32e3d4dd5c95cc4ac8f
author 1 <rafael.ssouza@gmail.com> 1224459079 -0200
committer Rafael Souza <rafael.ssouza@gmail.com> 1224459079 -0200

    Page Welcome updated

commit 251fd1feea4ab4530c2ec32e3d4dd5c95cc4ac8f
tree 2b231e8d28ca926dedbf4a11903eab966d3e63d8
parent 78f97043b0f0212c6ed4fd8c8aae8d996f4e7912
author 1 <rafael.ssouza@gmail.com> 1224459003 -0200
committer Rafael Souza <rafael.ssouza@gmail.com> 1224459003 -0200

    Page Welcome updated

commit 78f97043b0f0212c6ed4fd8c8aae8d996f4e7912
tree 158e2f134b0cf5823431b385bcce1649c7c0a477
parent 1d003ff58587da55f427b2c68bf24c1d04b71ddb
author 1 <rafael.ssouza@gmail.com> 1224458323 -0200
committer Rafael Souza <rafael.ssouza@gmail.com> 1224458323 -0200

    Page Welcome updated

commit 1d003ff58587da55f427b2c68bf24c1d04b71ddb
tree 50ce42557bf2ad3a5598f97889b1b6df5036a8e7
author Rafael Souza <rafael.ssouza@gmail.com> 1224458246 -0200
committer Rafael Souza <rafael.ssouza@gmail.com> 1224458246 -0200

    added default files


/usr/bin/env git --git-dir='/home/rafael/projects/br-labs/pages/.git' log --pretty='raw' 'Welcome'
commit a5f41c444c31aa59bb02e1080309ba6bb6966ec0
tree 50ce42557bf2ad3a5598f97889b1b6df5036a8e7
author Rafael Souza <rafael.ssouza@gmail.com> 1224459284 -0200
committer Rafael Souza <rafael.ssouza@gmail.com> 1224459284 -0200

    added default files


/usr/bin/env git --git-dir='/home/rafael/projects/br-labs/pages/.git' log --pretty='raw' 'Welcome'
commit a5f41c444c31aa59bb02e1080309ba6bb6966ec0
tree 50ce42557bf2ad3a5598f97889b1b6df5036a8e7
author Rafael Souza <rafael.ssouza@gmail.com> 1224459284 -0200
committer Rafael Souza <rafael.ssouza@gmail.com> 1224459284 -0200

    added default files


/usr/bin/env git --git-dir='/home/rafael/projects/br-labs/pages/.git' log --pretty='raw' 'Welcome'
commit a5f41c444c31aa59bb02e1080309ba6bb6966ec0
tree 50ce42557bf2ad3a5598f97889b1b6df5036a8e7
author Rafael Souza <rafael.ssouza@gmail.com> 1224459284 -0200
committer Rafael Souza <rafael.ssouza@gmail.com> 1224459284 -0200

    added default files


/usr/bin/env git --git-dir='/home/rafael/projects/br-labs/pages/.git' log --pretty='raw' 'Welcome'
commit 51677c99c16c70485d2423e30e97cdb5a3dfde11
tree 50ce42557bf2ad3a5598f97889b1b6df5036a8e7
author 0 <admin@giwiki.com> 1224459562 -0200
committer Rafael Souza <rafael.ssouza@gmail.com> 1224459562 -0200

    added default files


/usr/bin/env git --git-dir='/home/rafael/projects/br-labs/pages/.git' log --pretty='raw' 'Welcome'
commit 51677c99c16c70485d2423e30e97cdb5a3dfde11
tree 50ce42557bf2ad3a5598f97889b1b6df5036a8e7
author 0 <admin@giwiki.com> 1224459562 -0200
committer Rafael Souza <rafael.ssouza@gmail.com> 1224459562 -0200

    added default files


/usr/bin/env git --git-dir='/home/rafael/projects/br-labs/pages/.git' log --pretty='raw' 'Welcome'
commit 51677c99c16c70485d2423e30e97cdb5a3dfde11
tree 50ce42557bf2ad3a5598f97889b1b6df5036a8e7
author 0 <admin@giwiki.com> 1224459562 -0200
committer Rafael Souza <rafael.ssouza@gmail.com> 1224459562 -0200

    added default files


/usr/bin/env git --git-dir='/home/rafael/projects/br-labs/pages/.git' log --pretty='raw' 'Welcome'
commit 51677c99c16c70485d2423e30e97cdb5a3dfde11
tree 50ce42557bf2ad3a5598f97889b1b6df5036a8e7
author 0 <admin@giwiki.com> 1224459562 -0200
committer Rafael Souza <rafael.ssouza@gmail.com> 1224459562 -0200

    added default files


/usr/bin/env git --git-dir='/home/rafael/projects/br-labs/pages/.git' log --pretty='raw' 'Welcome'
commit 51677c99c16c70485d2423e30e97cdb5a3dfde11
tree 50ce42557bf2ad3a5598f97889b1b6df5036a8e7
author 0 <admin@giwiki.com> 1224459562 -0200
committer Rafael Souza <rafael.ssouza@gmail.com> 1224459562 -0200

    added default files


